{"/home/utkarsh.tomer/Documents/express-server/src/index.ts": {"path":"/home/utkarsh.tomer/Documents/express-server/src/index.ts","statementMap":{"0":{"start":{"line":3,"column":0},"end":{"line":3,"column":33}},"1":{"start":{"line":4,"column":15},"end":{"line":4,"column":36}},"2":{"start":{"line":5,"column":0},"end":{"line":5,"column":25}}},"fnMap":{},"branchMap":{},"s":{"0":0,"1":0,"2":0},"f":{},"b":{},"inputSourceMap":null}
,"/home/utkarsh.tomer/Documents/express-server/src/route.ts": {"path":"/home/utkarsh.tomer/Documents/express-server/src/route.ts","statementMap":{"0":{"start":{"line":4,"column":19},"end":{"line":4,"column":27}},"1":{"start":{"line":6,"column":0},"end":{"line":6,"column":42}},"2":{"start":{"line":8,"column":0},"end":{"line":8,"column":36}}},"fnMap":{},"branchMap":{},"s":{"0":0,"1":0,"2":0},"f":{},"b":{},"inputSourceMap":null}
,"/home/utkarsh.tomer/Documents/express-server/src/router.ts": {"path":"/home/utkarsh.tomer/Documents/express-server/src/router.ts","statementMap":{"0":{"start":{"line":4,"column":19},"end":{"line":4,"column":27}},"1":{"start":{"line":5,"column":0},"end":{"line":5,"column":42}},"2":{"start":{"line":6,"column":0},"end":{"line":6,"column":36}}},"fnMap":{},"branchMap":{},"s":{"0":0,"1":0,"2":0},"f":{},"b":{},"inputSourceMap":null}
,"/home/utkarsh.tomer/Documents/express-server/src/config/configuration.ts": {"path":"/home/utkarsh.tomer/Documents/express-server/src/config/configuration.ts","statementMap":{"0":{"start":{"line":3,"column":15},"end":{"line":3,"column":37}},"1":{"start":{"line":4,"column":0},"end":{"line":4,"column":20}},"2":{"start":{"line":5,"column":15},"end":{"line":5,"column":21}},"3":{"start":{"line":6,"column":0},"end":{"line":6,"column":22}}},"fnMap":{},"branchMap":{},"s":{"0":0,"1":0,"2":0,"3":0},"f":{},"b":{},"inputSourceMap":null}
,"/home/utkarsh.tomer/Documents/express-server/src/config/index.ts": {"path":"/home/utkarsh.tomer/Documents/express-server/src/config/index.ts","statementMap":{},"fnMap":{},"branchMap":{},"s":{},"f":{},"b":{},"inputSourceMap":null}
,"/home/utkarsh.tomer/Documents/express-server/src/config/test_config.ts": {"path":"/home/utkarsh.tomer/Documents/express-server/src/config/test_config.ts","statementMap":{"0":{"start":{"line":3,"column":16},"end":{"line":3,"column":38}},"1":{"start":{"line":4,"column":0},"end":{"line":4,"column":21}},"2":{"start":{"line":5,"column":19},"end":{"line":5,"column":26}},"3":{"start":{"line":6,"column":0},"end":{"line":6,"column":26}}},"fnMap":{},"branchMap":{},"s":{"0":0,"1":0,"2":0,"3":0},"f":{},"b":{},"inputSourceMap":null}
,"/home/utkarsh.tomer/Documents/express-server/src/controllers/index.ts": {"path":"/home/utkarsh.tomer/Documents/express-server/src/controllers/index.ts","statementMap":{},"fnMap":{},"branchMap":{},"s":{},"f":{},"b":{},"inputSourceMap":null}
,"/home/utkarsh.tomer/Documents/express-server/src/controllers/trainee/index.ts": {"path":"/home/utkarsh.tomer/Documents/express-server/src/controllers/trainee/index.ts","statementMap":{},"fnMap":{},"branchMap":{},"s":{},"f":{},"b":{},"inputSourceMap":null}
,"/home/utkarsh.tomer/Documents/express-server/src/controllers/trainee/routes.ts": {"path":"/home/utkarsh.tomer/Documents/express-server/src/controllers/trainee/routes.ts","statementMap":{"0":{"start":{"line":6,"column":0},"end":{"line":6,"column":28}},"1":{"start":{"line":7,"column":22},"end":{"line":7,"column":30}},"2":{"start":{"line":59,"column":0},"end":{"line":212,"column":103}},"3":{"start":{"line":253,"column":1},"end":{"line":253,"column":133}}},"fnMap":{},"branchMap":{},"s":{"0":0,"1":0,"2":0,"3":0},"f":{},"b":{},"inputSourceMap":null}
,"/home/utkarsh.tomer/Documents/express-server/src/controllers/trainee/validation.ts": {"path":"/home/utkarsh.tomer/Documents/express-server/src/controllers/trainee/validation.ts","statementMap":{"0":{"start":{"line":1,"column":15},"end":{"line":91,"column":1}},"1":{"start":{"line":75,"column":16},"end":{"line":75,"column":30}}},"fnMap":{"0":{"name":"(anonymous_0)","decl":{"start":{"line":74,"column":12},"end":{"line":74,"column":13}},"loc":{"start":{"line":74,"column":33},"end":{"line":76,"column":13}},"line":74}},"branchMap":{},"s":{"0":0,"1":0},"f":{"0":0},"b":{},"inputSourceMap":null}
,"/home/utkarsh.tomer/Documents/express-server/src/controllers/user/Validation.ts": {"path":"/home/utkarsh.tomer/Documents/express-server/src/controllers/user/Validation.ts","statementMap":{"0":{"start":{"line":1,"column":15},"end":{"line":91,"column":1}},"1":{"start":{"line":75,"column":16},"end":{"line":75,"column":30}}},"fnMap":{"0":{"name":"(anonymous_0)","decl":{"start":{"line":74,"column":12},"end":{"line":74,"column":13}},"loc":{"start":{"line":74,"column":33},"end":{"line":76,"column":13}},"line":74}},"branchMap":{},"s":{"0":0,"1":0},"f":{"0":0},"b":{},"inputSourceMap":null}
,"/home/utkarsh.tomer/Documents/express-server/src/controllers/user/index.ts": {"path":"/home/utkarsh.tomer/Documents/express-server/src/controllers/user/index.ts","statementMap":{},"fnMap":{},"branchMap":{},"s":{},"f":{},"b":{},"inputSourceMap":null}
,"/home/utkarsh.tomer/Documents/express-server/src/controllers/user/routes.ts": {"path":"/home/utkarsh.tomer/Documents/express-server/src/controllers/user/routes.ts","statementMap":{"0":{"start":{"line":6,"column":0},"end":{"line":6,"column":28}},"1":{"start":{"line":7,"column":19},"end":{"line":7,"column":27}},"2":{"start":{"line":8,"column":0},"end":{"line":11,"column":101}},"3":{"start":{"line":12,"column":0},"end":{"line":12,"column":128}},"4":{"start":{"line":92,"column":0},"end":{"line":93,"column":64}},"5":{"start":{"line":124,"column":0},"end":{"line":125,"column":62}}},"fnMap":{},"branchMap":{},"s":{"0":0,"1":0,"2":0,"3":0,"4":0,"5":0},"f":{},"b":{},"inputSourceMap":null}
,"/home/utkarsh.tomer/Documents/express-server/src/libs/constants.ts": {"path":"/home/utkarsh.tomer/Documents/express-server/src/libs/constants.ts","statementMap":{"0":{"start":{"line":1,"column":20},"end":{"line":8,"column":1}},"1":{"start":{"line":10,"column":14},"end":{"line":24,"column":1}}},"fnMap":{},"branchMap":{},"s":{"0":0,"1":0},"f":{},"b":{},"inputSourceMap":null}
,"/home/utkarsh.tomer/Documents/express-server/src/libs/database.ts": {"path":"/home/utkarsh.tomer/Documents/express-server/src/libs/database.ts","statementMap":{"0":{"start":{"line":7,"column":8},"end":{"line":18,"column":11}},"1":{"start":{"line":8,"column":12},"end":{"line":8,"column":64}},"2":{"start":{"line":9,"column":12},"end":{"line":17,"column":15}},"3":{"start":{"line":10,"column":16},"end":{"line":14,"column":17}},"4":{"start":{"line":11,"column":20},"end":{"line":11,"column":75}},"5":{"start":{"line":12,"column":20},"end":{"line":12,"column":32}},"6":{"start":{"line":13,"column":20},"end":{"line":13,"column":27}},"7":{"start":{"line":15,"column":16},"end":{"line":15,"column":27}},"8":{"start":{"line":16,"column":16},"end":{"line":16,"column":35}},"9":{"start":{"line":22,"column":4},"end":{"line":22,"column":39}},"10":{"start":{"line":23,"column":5},"end":{"line":30,"column":11}},"11":{"start":{"line":24,"column":12},"end":{"line":28,"column":13}},"12":{"start":{"line":25,"column":16},"end":{"line":25,"column":72}},"13":{"start":{"line":26,"column":16},"end":{"line":26,"column":30}},"14":{"start":{"line":27,"column":16},"end":{"line":27,"column":23}},"15":{"start":{"line":29,"column":12},"end":{"line":29,"column":32}}},"fnMap":{"0":{"name":"(anonymous_0)","decl":{"start":{"line":6,"column":4},"end":{"line":6,"column":5}},"loc":{"start":{"line":6,"column":34},"end":{"line":19,"column":5}},"line":6},"1":{"name":"(anonymous_1)","decl":{"start":{"line":7,"column":27},"end":{"line":7,"column":28}},"loc":{"start":{"line":7,"column":48},"end":{"line":18,"column":9}},"line":7},"2":{"name":"(anonymous_2)","decl":{"start":{"line":9,"column":101},"end":{"line":9,"column":102}},"loc":{"start":{"line":9,"column":110},"end":{"line":17,"column":13}},"line":9},"3":{"name":"(anonymous_3)","decl":{"start":{"line":21,"column":2},"end":{"line":21,"column":3}},"loc":{"start":{"line":21,"column":43},"end":{"line":31,"column":5}},"line":21},"4":{"name":"(anonymous_4)","decl":{"start":{"line":23,"column":50},"end":{"line":23,"column":51}},"loc":{"start":{"line":23,"column":59},"end":{"line":30,"column":9}},"line":23}},"branchMap":{"0":{"loc":{"start":{"line":10,"column":16},"end":{"line":14,"column":17}},"type":"if","locations":[{"start":{"line":10,"column":16},"end":{"line":14,"column":17}},{"start":{"line":10,"column":16},"end":{"line":14,"column":17}}],"line":10},"1":{"loc":{"start":{"line":24,"column":12},"end":{"line":28,"column":13}},"type":"if","locations":[{"start":{"line":24,"column":12},"end":{"line":28,"column":13}},{"start":{"line":24,"column":12},"end":{"line":28,"column":13}}],"line":24}},"s":{"0":0,"1":0,"2":0,"3":0,"4":0,"5":0,"6":0,"7":0,"8":0,"9":0,"10":0,"11":0,"12":0,"13":0,"14":0,"15":0},"f":{"0":0,"1":0,"2":0,"3":0,"4":0},"b":{"0":[0,0],"1":[0,0]},"inputSourceMap":null}
,"/home/utkarsh.tomer/Documents/express-server/src/libs/routes/authmiddleware.ts": {"path":"/home/utkarsh.tomer/Documents/express-server/src/libs/routes/authmiddleware.ts","statementMap":{"0":{"start":{"line":5,"column":43},"end":{"line":41,"column":1}},"1":{"start":{"line":6,"column":4},"end":{"line":40,"column":5}},"2":{"start":{"line":7,"column":25},"end":{"line":7,"column":45}},"3":{"start":{"line":8,"column":8},"end":{"line":8,"column":72}},"4":{"start":{"line":9,"column":8},"end":{"line":9,"column":59}},"5":{"start":{"line":10,"column":22},"end":{"line":10,"column":49}},"6":{"start":{"line":11,"column":23},"end":{"line":11,"column":59}},"7":{"start":{"line":12,"column":8},"end":{"line":12,"column":44}},"8":{"start":{"line":13,"column":21},"end":{"line":13,"column":70}},"9":{"start":{"line":14,"column":12},"end":{"line":14,"column":46}},"10":{"start":{"line":15,"column":12},"end":{"line":20,"column":13}},"11":{"start":{"line":16,"column":16},"end":{"line":19,"column":19}},"12":{"start":{"line":21,"column":12},"end":{"line":21,"column":50}},"13":{"start":{"line":22,"column":12},"end":{"line":22,"column":32}},"14":{"start":{"line":23,"column":12},"end":{"line":23,"column":35}},"15":{"start":{"line":24,"column":12},"end":{"line":24,"column":30}},"16":{"start":{"line":25,"column":12},"end":{"line":25,"column":37}},"17":{"start":{"line":26,"column":12},"end":{"line":26,"column":75}},"18":{"start":{"line":27,"column":12},"end":{"line":32,"column":13}},"19":{"start":{"line":28,"column":16},"end":{"line":31,"column":19}},"20":{"start":{"line":33,"column":12},"end":{"line":33,"column":26}},"21":{"start":{"line":36,"column":8},"end":{"line":39,"column":11}}},"fnMap":{"0":{"name":"(anonymous_0)","decl":{"start":{"line":5,"column":15},"end":{"line":5,"column":16}},"loc":{"start":{"line":5,"column":43},"end":{"line":41,"column":1}},"line":5},"1":{"name":"(anonymous_1)","decl":{"start":{"line":5,"column":43},"end":{"line":5,"column":44}},"loc":{"start":{"line":5,"column":69},"end":{"line":41,"column":1}},"line":5}},"branchMap":{"0":{"loc":{"start":{"line":15,"column":12},"end":{"line":20,"column":13}},"type":"if","locations":[{"start":{"line":15,"column":12},"end":{"line":20,"column":13}},{"start":{"line":15,"column":12},"end":{"line":20,"column":13}}],"line":15},"1":{"loc":{"start":{"line":27,"column":12},"end":{"line":32,"column":13}},"type":"if","locations":[{"start":{"line":27,"column":12},"end":{"line":32,"column":13}},{"start":{"line":27,"column":12},"end":{"line":32,"column":13}}],"line":27}},"s":{"0":0,"1":0,"2":0,"3":0,"4":0,"5":0,"6":0,"7":0,"8":0,"9":0,"10":0,"11":0,"12":0,"13":0,"14":0,"15":0,"16":0,"17":0,"18":0,"19":0,"20":0,"21":0},"f":{"0":0,"1":0},"b":{"0":[0,0],"1":[0,0]},"inputSourceMap":null}
,"/home/utkarsh.tomer/Documents/express-server/src/libs/routes/index.ts": {"path":"/home/utkarsh.tomer/Documents/express-server/src/libs/routes/index.ts","statementMap":{},"fnMap":{},"branchMap":{},"s":{},"f":{},"b":{},"inputSourceMap":null}
,"/home/utkarsh.tomer/Documents/express-server/src/repositories/versionable/VersionableSchema.ts": {"path":"/home/utkarsh.tomer/Documents/express-server/src/repositories/versionable/VersionableSchema.ts","statementMap":{"0":{"start":{"line":5,"column":33},"end":{"line":18,"column":19}},"1":{"start":{"line":19,"column":8},"end":{"line":19,"column":45}}},"fnMap":{"0":{"name":"(anonymous_0)","decl":{"start":{"line":4,"column":4},"end":{"line":4,"column":5}},"loc":{"start":{"line":4,"column":38},"end":{"line":20,"column":5}},"line":4}},"branchMap":{},"s":{"0":0,"1":0},"f":{"0":0},"b":{},"inputSourceMap":null}
}
